0 info it worked if it ends with ok
1 verbose cli [ 'C:\\Program Files (x86)\\nodejs\\\\node.exe',
1 verbose cli   'C:\\Program Files (x86)\\nodejs\\node_modules\\npm\\bin\\npm-cli.js',
1 verbose cli   'install',
1 verbose cli   '-g',
1 verbose cli   'onmodulus/demeteorizer#feature/windows-preview' ]
2 info using npm@2.5.1
3 info using node@v0.12.0
4 verbose node symlink C:\Program Files (x86)\nodejs\\node.exe
5 silly cache add args [ 'onmodulus/demeteorizer#feature/windows-preview', null ]
6 verbose cache add spec onmodulus/demeteorizer#feature/windows-preview
7 silly cache add parsed spec { raw: 'onmodulus/demeteorizer#feature/windows-preview',
7 silly cache add   scope: null,
7 silly cache add   name: null,
7 silly cache add   rawSpec: 'onmodulus/demeteorizer#feature/windows-preview',
7 silly cache add   spec: 'onmodulus/demeteorizer#feature/windows-preview',
7 silly cache add   type: 'github' }
8 info maybeGithub Attempting onmodulus/demeteorizer#feature/windows-preview from git://github.com/onmodulus/demeteorizer#feature/windows-preview
9 verbose addRemoteGit u="git://github.com/onmodulus/demeteorizer#feature/windows-preview" silent=true
10 silly addRemoteGit normalized { url: 'git://github.com/onmodulus/demeteorizer',
10 silly addRemoteGit   branch: 'feature/windows-preview' }
11 silly addRemoteGit v git-github-com-onmodulus-demeteorizer-03dd1e9f
12 verbose addRemoteGit C:\Users\ja-jo_000\AppData\Roaming\npm-cache\_git-remotes\git-github-com-onmodulus-demeteorizer-03dd1e9f not in flight; cloning
13 info git [ 'config', '--get', 'remote.origin.url' ]
14 verbose git remote.origin.url git://github.com/onmodulus/demeteorizer
15 info git [ 'fetch', '-a', 'origin' ]
16 verbose git fetch -a origin (git://github.com/onmodulus/demeteorizer)
17 silly verifyOwnership skipping for windows
18 info git [ 'rev-list', '-n1', 'feature/windows-preview' ]
19 error Failed resolving git HEAD (git://github.com/onmodulus/demeteorizer) fatal: ambiguous argument 'feature/windows-preview': unknown revision or path not in the working tree.
19 error Failed resolving git HEAD (git://github.com/onmodulus/demeteorizer) Use '--' to separate paths from revisions, like this:
19 error Failed resolving git HEAD (git://github.com/onmodulus/demeteorizer) 'git <command> [<revision>...] -- [<file>...]'
20 info maybeGithub Attempting onmodulus/demeteorizer#feature/windows-preview from git+ssh://git@github.com:onmodulus/demeteorizer#feature/windows-preview
21 verbose addRemoteGit u="git+ssh://git@github.com:onmodulus/demeteorizer#feature/windows-preview" silent=false
22 silly addRemoteGit normalized { url: 'ssh://git@github.com/onmodulus/demeteorizer',
22 silly addRemoteGit   branch: 'feature/windows-preview' }
23 silly addRemoteGit v ssh-git-github-com-onmodulus-demeteorizer-8d7ad925
24 verbose addRemoteGit C:\Users\ja-jo_000\AppData\Roaming\npm-cache\_git-remotes\ssh-git-github-com-onmodulus-demeteorizer-8d7ad925 not in flight; cloning
25 info git [ 'config', '--get', 'remote.origin.url' ]
26 warn `git config --get remote.origin.url` returned wrong result (ssh://git@github.com/onmodulus/demeteorizer)
27 verbose gentlyRm vacuuming C:\Users\ja-jo_000\AppData\Roaming\npm-cache\_git-remotes\ssh-git-github-com-onmodulus-demeteorizer-8d7ad925
28 silly gentlyRm purging C:\Users\ja-jo_000\AppData\Roaming\npm-cache\_git-remotes\ssh-git-github-com-onmodulus-demeteorizer-8d7ad925
29 silly gentlyRm quitting because other entries in C:\Users\ja-jo_000\AppData\Roaming\npm-cache\_git-remotes
30 info git [ 'clone',
30 info git   '--template=C:\\Users\\ja-jo_000\\AppData\\Roaming\\npm-cache\\_git-remotes\\_templates',
30 info git   '--mirror',
30 info git   'ssh://git@github.com/onmodulus/demeteorizer',
30 info git   'C:\\Users\\ja-jo_000\\AppData\\Roaming\\npm-cache\\_git-remotes\\ssh-git-github-com-onmodulus-demeteorizer-8d7ad925' ]
31 error git clone ssh://git@github.com/onmodulus/demeteorizer Cloning into bare repository 'C:\Users\ja-jo_000\AppData\Roaming\npm-cache\_git-remotes\ssh-git-github-com-onmodulus-demeteorizer-8d7ad925'...
31 error git clone ssh://git@github.com/onmodulus/demeteorizer Permission denied (publickey).
31 error git clone ssh://git@github.com/onmodulus/demeteorizer fatal: Could not read from remote repository.
31 error git clone ssh://git@github.com/onmodulus/demeteorizer
31 error git clone ssh://git@github.com/onmodulus/demeteorizer Please make sure you have the correct access rights
31 error git clone ssh://git@github.com/onmodulus/demeteorizer and the repository exists.
32 verbose stack Error: Command failed: git -c core.longpaths=true clone --template=C:\Users\ja-jo_000\AppData\Roaming\npm-cache\_git-remotes\_templates --mirror ssh://git@github.com/onmodulus/demeteorizer C:\Users\ja-jo_000\AppData\Roaming\npm-cache\_git-remotes\ssh-git-github-com-onmodulus-demeteorizer-8d7ad925
32 verbose stack Cloning into bare repository 'C:\Users\ja-jo_000\AppData\Roaming\npm-cache\_git-remotes\ssh-git-github-com-onmodulus-demeteorizer-8d7ad925'...
32 verbose stack Permission denied (publickey).
32 verbose stack fatal: Could not read from remote repository.
32 verbose stack
32 verbose stack Please make sure you have the correct access rights
32 verbose stack and the repository exists.
32 verbose stack
32 verbose stack     at ChildProcess.exithandler (child_process.js:744:12)
32 verbose stack     at ChildProcess.emit (events.js:110:17)
32 verbose stack     at maybeClose (child_process.js:1008:16)
32 verbose stack     at Process.ChildProcess._handle.onexit (child_process.js:1080:5)
33 verbose cwd C:\Users\ja-jo_000\RD
34 error Windows_NT 6.3.9600
35 error argv "C:\\Program Files (x86)\\nodejs\\\\node.exe" "C:\\Program Files (x86)\\nodejs\\node_modules\\npm\\bin\\npm-cli.js" "install" "-g" "onmodulus/demeteorizer#feature/windows-preview"
36 error node v0.12.0
37 error npm  v2.5.1
38 error code 128
39 error Command failed: git -c core.longpaths=true clone --template=C:\Users\ja-jo_000\AppData\Roaming\npm-cache\_git-remotes\_templates --mirror ssh://git@github.com/onmodulus/demeteorizer C:\Users\ja-jo_000\AppData\Roaming\npm-cache\_git-remotes\ssh-git-github-com-onmodulus-demeteorizer-8d7ad925
39 error Cloning into bare repository 'C:\Users\ja-jo_000\AppData\Roaming\npm-cache\_git-remotes\ssh-git-github-com-onmodulus-demeteorizer-8d7ad925'...
39 error Permission denied (publickey).
39 error fatal: Could not read from remote repository.
39 error
39 error Please make sure you have the correct access rights
39 error and the repository exists.
40 error If you need help, you may report this error at:
40 error     <http://github.com/npm/npm/issues>
41 verbose exit [ 1, true ]
